<?xml version="1.0" encoding="UTF-8"?>
<!-- Generated by org.testng.reporters.JUnitReportReporter -->
<testsuite hostname="Samsung" name="springmvc.model.dao.ApplicationsDaoTest" tests="2" failures="0" timestamp="30 Jan 2016 04:47:49 GMT" time="3.153" errors="0">
  <testcase name="getApplications" time="2.399" classname="springmvc.model.dao.ApplicationsDaoTest"/>
  <testcase name="getApplicationsForStudent" time="0.754" classname="springmvc.model.dao.ApplicationsDaoTest"/>
</testsuite> <!-- springmvc.model.dao.ApplicationsDaoTest -->
