<?xml version="1.0" encoding="UTF-8"?>
<!-- Generated by org.testng.reporters.JUnitReportReporter -->
<testsuite hostname="Samsung" name="springmvc.model.dao.DepartmentsDaoTest" tests="1" failures="0" timestamp="29 Jan 2016 10:55:30 GMT" time="1.290" errors="0">
  <testcase name="getDepartments" time="1.290" classname="springmvc.model.dao.DepartmentsDaoTest"/>
</testsuite> <!-- springmvc.model.dao.DepartmentsDaoTest -->
