<?xml version="1.0" encoding="UTF-8"?>
<!-- Generated by org.testng.reporters.JUnitReportReporter -->
<testsuite hostname="Mohan" name="springmvc.model.dao.ApplicationDaoTest" tests="2" failures="0" timestamp="1 Feb 2016 20:58:15 GMT" time="0.504" errors="0">
  <testcase name="getApplicationForFall2016InAccounting" time="0.033" classname="springmvc.model.dao.ApplicationDaoTest"/>
  <testcase name="checkStudent1HasOneApplication" time="0.471" classname="springmvc.model.dao.ApplicationDaoTest"/>
</testsuite> <!-- springmvc.model.dao.ApplicationDaoTest -->
