<?xml version="1.0" encoding="UTF-8"?>
<!-- Generated by org.testng.reporters.JUnitReportReporter -->
<testsuite hostname="Mohan" name="springmvc.model.dao.DepartmentDaoTest" tests="1" failures="0" timestamp="1 Feb 2016 20:23:50 GMT" time="0.606" errors="0">
  <testcase name="getDepartments" time="0.606" classname="springmvc.model.dao.DepartmentDaoTest"/>
</testsuite> <!-- springmvc.model.dao.DepartmentDaoTest -->
