<?xml version="1.0" encoding="UTF-8"?>
<!-- Generated by org.testng.reporters.JUnitReportReporter -->
<testsuite hostname="Mohan" name="springmvc.model.dao.UserDaoTest" tests="1" failures="0" timestamp="1 Feb 2016 23:05:53 GMT" time="0.010" errors="0">
  <testcase name="getUsers" time="0.010" classname="springmvc.model.dao.UserDaoTest"/>
</testsuite> <!-- springmvc.model.dao.UserDaoTest -->
