<?xml version="1.0" encoding="UTF-8"?>
<!-- Generated by org.testng.reporters.JUnitReportReporter -->
<testsuite hostname="Mohan" name="springmvc.model.dao.DepartmentDaoTest" tests="1" failures="0" timestamp="1 Feb 2016 23:05:53 GMT" time="0.008" errors="0">
  <testcase name="getDepartments" time="0.008" classname="springmvc.model.dao.DepartmentDaoTest"/>
</testsuite> <!-- springmvc.model.dao.DepartmentDaoTest -->
